{"/Users/sarahchitty/Documents/interview-prep/casa/pet-adoption-api/src/config/supabase.ts": {"path":"/Users/sarahchitty/Documents/interview-prep/casa/pet-adoption-api/src/config/supabase.ts","statementMap":{"0":{"start":{"line":1,"column":0},"end":{"line":1,"column":53}},"1":{"start":{"line":3,"column":0},"end":{"line":5,"column":1}},"2":{"start":{"line":4,"column":2},"end":{"line":4,"column":63}},"3":{"start":{"line":7,"column":0},"end":{"line":9,"column":1}},"4":{"start":{"line":8,"column":2},"end":{"line":8,"column":68}},"5":{"start":{"line":11,"column":13},"end":{"line":14,"column":2}}},"fnMap":{},"branchMap":{"0":{"loc":{"start":{"line":3,"column":0},"end":{"line":5,"column":1}},"type":"if","locations":[{"start":{"line":3,"column":0},"end":{"line":5,"column":1}},{"start":{},"end":{}}]},"1":{"loc":{"start":{"line":7,"column":0},"end":{"line":9,"column":1}},"type":"if","locations":[{"start":{"line":7,"column":0},"end":{"line":9,"column":1}},{"start":{},"end":{}}]}},"s":{"0":1,"1":1,"2":0,"3":1,"4":0,"5":1},"f":{},"b":{"0":[0,1],"1":[0,1]}}
,"/Users/sarahchitty/Documents/interview-prep/casa/pet-adoption-api/src/controllers/applicationController.ts": {"path":"/Users/sarahchitty/Documents/interview-prep/casa/pet-adoption-api/src/controllers/applicationController.ts","statementMap":{"0":{"start":{"line":2,"column":0},"end":{"line":2,"column":68}},"1":{"start":{"line":8,"column":0},"end":{"line":8,"column":54}},"2":{"start":{"line":20,"column":4},"end":{"line":70,"column":5}},"3":{"start":{"line":21,"column":33},"end":{"line":21,"column":42}},"4":{"start":{"line":25,"column":6},"end":{"line":39,"column":7}},"5":{"start":{"line":26,"column":26},"end":{"line":26,"column":42}},"6":{"start":{"line":27,"column":51},"end":{"line":32,"column":10}},"7":{"start":{"line":33,"column":8},"end":{"line":38,"column":9}},"8":{"start":{"line":34,"column":10},"end":{"line":37,"column":12}},"9":{"start":{"line":42,"column":6},"end":{"line":62,"column":7}},"10":{"start":{"line":43,"column":27},"end":{"line":44,"column":null}},"11":{"start":{"line":46,"column":8},"end":{"line":48,"column":10}},"12":{"start":{"line":47,"column":19},"end":{"line":47,"column":52}},"13":{"start":{"line":49,"column":13},"end":{"line":62,"column":7}},"14":{"start":{"line":51,"column":8},"end":{"line":53,"column":10}},"15":{"start":{"line":54,"column":13},"end":{"line":62,"column":7}},"16":{"start":{"line":56,"column":8},"end":{"line":58,"column":10}},"17":{"start":{"line":61,"column":8},"end":{"line":61,"column":69}},"18":{"start":{"line":64,"column":6},"end":{"line":67,"column":9}},"19":{"start":{"line":69,"column":6},"end":{"line":69,"column":18}},"20":{"start":{"line":82,"column":4},"end":{"line":96,"column":5}},"21":{"start":{"line":83,"column":21},"end":{"line":83,"column":31}},"22":{"start":{"line":84,"column":26},"end":{"line":84,"column":73}},"23":{"start":{"line":86,"column":6},"end":{"line":88,"column":7}},"24":{"start":{"line":87,"column":8},"end":{"line":87,"column":57}},"25":{"start":{"line":90,"column":6},"end":{"line":93,"column":9}},"26":{"start":{"line":95,"column":6},"end":{"line":95,"column":18}},"27":{"start":{"line":108,"column":4},"end":{"line":118,"column":5}},"28":{"start":{"line":109,"column":44},"end":{"line":109,"column":52}},"29":{"start":{"line":110,"column":26},"end":{"line":110,"column":75}},"30":{"start":{"line":112,"column":6},"end":{"line":115,"column":9}},"31":{"start":{"line":117,"column":6},"end":{"line":117,"column":18}},"32":{"start":{"line":130,"column":4},"end":{"line":141,"column":5}},"33":{"start":{"line":131,"column":21},"end":{"line":131,"column":31}},"34":{"start":{"line":132,"column":44},"end":{"line":132,"column":52}},"35":{"start":{"line":133,"column":26},"end":{"line":133,"column":79}},"36":{"start":{"line":135,"column":6},"end":{"line":138,"column":9}},"37":{"start":{"line":140,"column":6},"end":{"line":140,"column":18}},"38":{"start":{"line":153,"column":4},"end":{"line":160,"column":5}},"39":{"start":{"line":154,"column":21},"end":{"line":154,"column":31}},"40":{"start":{"line":155,"column":6},"end":{"line":155,"column":53}},"41":{"start":{"line":157,"column":6},"end":{"line":157,"column":29}},"42":{"start":{"line":159,"column":6},"end":{"line":159,"column":18}},"43":{"start":{"line":172,"column":4},"end":{"line":194,"column":5}},"44":{"start":{"line":173,"column":21},"end":{"line":173,"column":31}},"45":{"start":{"line":174,"column":42},"end":{"line":174,"column":50}},"46":{"start":{"line":178,"column":8},"end":{"line":180,"column":16}},"47":{"start":{"line":182,"column":26},"end":{"line":184,"column":null}},"48":{"start":{"line":187,"column":6},"end":{"line":191,"column":9}},"49":{"start":{"line":193,"column":6},"end":{"line":193,"column":18}},"50":{"start":{"line":10,"column":0},"end":{"line":10,"column":13}},"51":{"start":{"line":198,"column":13},"end":{"line":198,"column":65}}},"fnMap":{"0":{"name":"(anonymous_0)","decl":{"start":{"line":15,"column":2},"end":{"line":15,"column":7}},"loc":{"start":{"line":18,"column":22},"end":{"line":71,"column":3}}},"1":{"name":"(anonymous_1)","decl":{"start":{"line":47,"column":10},"end":{"line":47,"column":11}},"loc":{"start":{"line":47,"column":19},"end":{"line":47,"column":52}}},"2":{"name":"(anonymous_2)","decl":{"start":{"line":77,"column":2},"end":{"line":77,"column":7}},"loc":{"start":{"line":80,"column":22},"end":{"line":97,"column":3}}},"3":{"name":"(anonymous_3)","decl":{"start":{"line":103,"column":2},"end":{"line":103,"column":7}},"loc":{"start":{"line":106,"column":22},"end":{"line":119,"column":3}}},"4":{"name":"(anonymous_4)","decl":{"start":{"line":125,"column":2},"end":{"line":125,"column":7}},"loc":{"start":{"line":128,"column":22},"end":{"line":142,"column":3}}},"5":{"name":"(anonymous_5)","decl":{"start":{"line":148,"column":2},"end":{"line":148,"column":7}},"loc":{"start":{"line":151,"column":22},"end":{"line":161,"column":3}}},"6":{"name":"(anonymous_6)","decl":{"start":{"line":167,"column":2},"end":{"line":167,"column":7}},"loc":{"start":{"line":170,"column":22},"end":{"line":195,"column":3}}}},"branchMap":{"0":{"loc":{"start":{"line":25,"column":6},"end":{"line":39,"column":7}},"type":"if","locations":[{"start":{"line":25,"column":6},"end":{"line":39,"column":7}},{"start":{},"end":{}}]},"1":{"loc":{"start":{"line":33,"column":8},"end":{"line":38,"column":9}},"type":"if","locations":[{"start":{"line":33,"column":8},"end":{"line":38,"column":9}},{"start":{},"end":{}}]},"2":{"loc":{"start":{"line":42,"column":6},"end":{"line":62,"column":7}},"type":"if","locations":[{"start":{"line":42,"column":6},"end":{"line":62,"column":7}},{"start":{"line":49,"column":13},"end":{"line":62,"column":7}}]},"3":{"loc":{"start":{"line":42,"column":10},"end":{"line":42,"column":26}},"type":"binary-expr","locations":[{"start":{"line":42,"column":10},"end":{"line":42,"column":16}},{"start":{"line":42,"column":20},"end":{"line":42,"column":26}}]},"4":{"loc":{"start":{"line":49,"column":13},"end":{"line":62,"column":7}},"type":"if","locations":[{"start":{"line":49,"column":13},"end":{"line":62,"column":7}},{"start":{"line":54,"column":13},"end":{"line":62,"column":7}}]},"5":{"loc":{"start":{"line":54,"column":13},"end":{"line":62,"column":7}},"type":"if","locations":[{"start":{"line":54,"column":13},"end":{"line":62,"column":7}},{"start":{"line":59,"column":13},"end":{"line":62,"column":7}}]},"6":{"loc":{"start":{"line":86,"column":6},"end":{"line":88,"column":7}},"type":"if","locations":[{"start":{"line":86,"column":6},"end":{"line":88,"column":7}},{"start":{},"end":{}}]},"7":{"loc":{"start":{"line":178,"column":8},"end":{"line":180,"column":16}},"type":"cond-expr","locations":[{"start":{"line":179,"column":12},"end":{"line":179,"column":44}},{"start":{"line":180,"column":12},"end":{"line":180,"column":16}}]}},"s":{"0":0,"1":0,"2":0,"3":0,"4":0,"5":0,"6":0,"7":0,"8":0,"9":0,"10":0,"11":0,"12":0,"13":0,"14":0,"15":0,"16":0,"17":0,"18":0,"19":0,"20":0,"21":0,"22":0,"23":0,"24":0,"25":0,"26":0,"27":0,"28":0,"29":0,"30":0,"31":0,"32":0,"33":0,"34":0,"35":0,"36":0,"37":0,"38":0,"39":0,"40":0,"41":0,"42":0,"43":0,"44":0,"45":0,"46":0,"47":0,"48":0,"49":0,"50":0,"51":0},"f":{"0":0,"1":0,"2":0,"3":0,"4":0,"5":0,"6":0},"b":{"0":[0,0],"1":[0,0],"2":[0,0],"3":[0,0],"4":[0,0],"5":[0,0],"6":[0,0],"7":[0,0]}}
,"/Users/sarahchitty/Documents/interview-prep/casa/pet-adoption-api/src/controllers/petController.ts": {"path":"/Users/sarahchitty/Documents/interview-prep/casa/pet-adoption-api/src/controllers/petController.ts","statementMap":{"0":{"start":{"line":2,"column":0},"end":{"line":2,"column":52}},"1":{"start":{"line":3,"column":0},"end":{"line":3,"column":68}},"2":{"start":{"line":5,"column":0},"end":{"line":5,"column":54}},"3":{"start":{"line":13,"column":4},"end":{"line":50,"column":5}},"4":{"start":{"line":14,"column":31},"end":{"line":14,"column":40}},"5":{"start":{"line":18,"column":6},"end":{"line":27,"column":7}},"6":{"start":{"line":19,"column":26},"end":{"line":19,"column":42}},"7":{"start":{"line":20,"column":43},"end":{"line":20,"column":95}},"8":{"start":{"line":21,"column":8},"end":{"line":26,"column":9}},"9":{"start":{"line":22,"column":10},"end":{"line":25,"column":12}},"10":{"start":{"line":30,"column":6},"end":{"line":42,"column":7}},"11":{"start":{"line":31,"column":27},"end":{"line":31,"column":80}},"12":{"start":{"line":32,"column":8},"end":{"line":32,"column":61}},"13":{"start":{"line":32,"column":42},"end":{"line":32,"column":59}},"14":{"start":{"line":33,"column":13},"end":{"line":42,"column":7}},"15":{"start":{"line":35,"column":8},"end":{"line":35,"column":69}},"16":{"start":{"line":36,"column":13},"end":{"line":42,"column":7}},"17":{"start":{"line":38,"column":8},"end":{"line":38,"column":62}},"18":{"start":{"line":41,"column":8},"end":{"line":41,"column":45}},"19":{"start":{"line":44,"column":6},"end":{"line":47,"column":9}},"20":{"start":{"line":49,"column":6},"end":{"line":49,"column":18}},"21":{"start":{"line":58,"column":4},"end":{"line":72,"column":5}},"22":{"start":{"line":59,"column":21},"end":{"line":59,"column":31}},"23":{"start":{"line":60,"column":18},"end":{"line":60,"column":49}},"24":{"start":{"line":62,"column":6},"end":{"line":64,"column":7}},"25":{"start":{"line":63,"column":8},"end":{"line":63,"column":49}},"26":{"start":{"line":66,"column":6},"end":{"line":69,"column":9}},"27":{"start":{"line":71,"column":6},"end":{"line":71,"column":18}},"28":{"start":{"line":80,"column":4},"end":{"line":90,"column":5}},"29":{"start":{"line":81,"column":36},"end":{"line":81,"column":44}},"30":{"start":{"line":82,"column":18},"end":{"line":82,"column":51}},"31":{"start":{"line":84,"column":6},"end":{"line":87,"column":9}},"32":{"start":{"line":89,"column":6},"end":{"line":89,"column":18}},"33":{"start":{"line":98,"column":4},"end":{"line":109,"column":5}},"34":{"start":{"line":99,"column":21},"end":{"line":99,"column":31}},"35":{"start":{"line":100,"column":36},"end":{"line":100,"column":44}},"36":{"start":{"line":101,"column":18},"end":{"line":101,"column":55}},"37":{"start":{"line":103,"column":6},"end":{"line":106,"column":9}},"38":{"start":{"line":108,"column":6},"end":{"line":108,"column":18}},"39":{"start":{"line":117,"column":4},"end":{"line":124,"column":5}},"40":{"start":{"line":118,"column":21},"end":{"line":118,"column":31}},"41":{"start":{"line":119,"column":6},"end":{"line":119,"column":37}},"42":{"start":{"line":121,"column":6},"end":{"line":121,"column":29}},"43":{"start":{"line":123,"column":6},"end":{"line":123,"column":18}},"44":{"start":{"line":136,"column":4},"end":{"line":154,"column":5}},"45":{"start":{"line":137,"column":21},"end":{"line":137,"column":31}},"46":{"start":{"line":140,"column":18},"end":{"line":140,"column":49}},"47":{"start":{"line":141,"column":6},"end":{"line":143,"column":7}},"48":{"start":{"line":142,"column":8},"end":{"line":142,"column":49}},"49":{"start":{"line":146,"column":27},"end":{"line":146,"column":78}},"50":{"start":{"line":148,"column":6},"end":{"line":151,"column":9}},"51":{"start":{"line":153,"column":6},"end":{"line":153,"column":18}},"52":{"start":{"line":7,"column":0},"end":{"line":7,"column":13}},"53":{"start":{"line":158,"column":13},"end":{"line":158,"column":49}}},"fnMap":{"0":{"name":"(anonymous_0)","decl":{"start":{"line":12,"column":2},"end":{"line":12,"column":7}},"loc":{"start":{"line":12,"column":66},"end":{"line":51,"column":3}}},"1":{"name":"(anonymous_1)","decl":{"start":{"line":32,"column":33},"end":{"line":32,"column":34}},"loc":{"start":{"line":32,"column":42},"end":{"line":32,"column":59}}},"2":{"name":"(anonymous_2)","decl":{"start":{"line":57,"column":2},"end":{"line":57,"column":7}},"loc":{"start":{"line":57,"column":66},"end":{"line":73,"column":3}}},"3":{"name":"(anonymous_3)","decl":{"start":{"line":79,"column":2},"end":{"line":79,"column":7}},"loc":{"start":{"line":79,"column":65},"end":{"line":91,"column":3}}},"4":{"name":"(anonymous_4)","decl":{"start":{"line":97,"column":2},"end":{"line":97,"column":7}},"loc":{"start":{"line":97,"column":65},"end":{"line":110,"column":3}}},"5":{"name":"(anonymous_5)","decl":{"start":{"line":116,"column":2},"end":{"line":116,"column":7}},"loc":{"start":{"line":116,"column":65},"end":{"line":125,"column":3}}},"6":{"name":"(anonymous_6)","decl":{"start":{"line":131,"column":2},"end":{"line":131,"column":7}},"loc":{"start":{"line":134,"column":22},"end":{"line":155,"column":3}}}},"branchMap":{"0":{"loc":{"start":{"line":18,"column":6},"end":{"line":27,"column":7}},"type":"if","locations":[{"start":{"line":18,"column":6},"end":{"line":27,"column":7}},{"start":{},"end":{}}]},"1":{"loc":{"start":{"line":21,"column":8},"end":{"line":26,"column":9}},"type":"if","locations":[{"start":{"line":21,"column":8},"end":{"line":26,"column":9}},{"start":{},"end":{}}]},"2":{"loc":{"start":{"line":30,"column":6},"end":{"line":42,"column":7}},"type":"if","locations":[{"start":{"line":30,"column":6},"end":{"line":42,"column":7}},{"start":{"line":33,"column":13},"end":{"line":42,"column":7}}]},"3":{"loc":{"start":{"line":30,"column":10},"end":{"line":30,"column":24}},"type":"binary-expr","locations":[{"start":{"line":30,"column":10},"end":{"line":30,"column":16}},{"start":{"line":30,"column":20},"end":{"line":30,"column":24}}]},"4":{"loc":{"start":{"line":33,"column":13},"end":{"line":42,"column":7}},"type":"if","locations":[{"start":{"line":33,"column":13},"end":{"line":42,"column":7}},{"start":{"line":36,"column":13},"end":{"line":42,"column":7}}]},"5":{"loc":{"start":{"line":36,"column":13},"end":{"line":42,"column":7}},"type":"if","locations":[{"start":{"line":36,"column":13},"end":{"line":42,"column":7}},{"start":{"line":39,"column":13},"end":{"line":42,"column":7}}]},"6":{"loc":{"start":{"line":62,"column":6},"end":{"line":64,"column":7}},"type":"if","locations":[{"start":{"line":62,"column":6},"end":{"line":64,"column":7}},{"start":{},"end":{}}]},"7":{"loc":{"start":{"line":141,"column":6},"end":{"line":143,"column":7}},"type":"if","locations":[{"start":{"line":141,"column":6},"end":{"line":143,"column":7}},{"start":{},"end":{}}]}},"s":{"0":0,"1":0,"2":0,"3":0,"4":0,"5":0,"6":0,"7":0,"8":0,"9":0,"10":0,"11":0,"12":0,"13":0,"14":0,"15":0,"16":0,"17":0,"18":0,"19":0,"20":0,"21":0,"22":0,"23":0,"24":0,"25":0,"26":0,"27":0,"28":0,"29":0,"30":0,"31":0,"32":0,"33":0,"34":0,"35":0,"36":0,"37":0,"38":0,"39":0,"40":0,"41":0,"42":0,"43":0,"44":0,"45":0,"46":0,"47":0,"48":0,"49":0,"50":0,"51":0,"52":0,"53":0},"f":{"0":0,"1":0,"2":0,"3":0,"4":0,"5":0,"6":0},"b":{"0":[0,0],"1":[0,0],"2":[0,0],"3":[0,0],"4":[0,0],"5":[0,0],"6":[0,0],"7":[0,0]}}
,"/Users/sarahchitty/Documents/interview-prep/casa/pet-adoption-api/src/middleware/errorHandler.ts": {"path":"/Users/sarahchitty/Documents/interview-prep/casa/pet-adoption-api/src/middleware/errorHandler.ts","statementMap":{"0":{"start":{"line":8,"column":4},"end":{"line":8,"column":19}},"1":{"start":{"line":9,"column":4},"end":{"line":9,"column":33}},"2":{"start":{"line":10,"column":4},"end":{"line":10,"column":25}},"3":{"start":{"line":11,"column":4},"end":{"line":11,"column":27}},"4":{"start":{"line":12,"column":4},"end":{"line":12,"column":52}},"5":{"start":{"line":3,"column":0},"end":{"line":3,"column":13}},"6":{"start":{"line":16,"column":28},"end":{"line":39,"column":1}},"7":{"start":{"line":22,"column":21},"end":{"line":22,"column":42}},"8":{"start":{"line":23,"column":17},"end":{"line":23,"column":38}},"9":{"start":{"line":24,"column":18},"end":{"line":24,"column":56}},"10":{"start":{"line":27,"column":2},"end":{"line":32,"column":5}},"11":{"start":{"line":34,"column":2},"end":{"line":38,"column":5}},"12":{"start":{"line":16,"column":13},"end":{"line":16,"column":28}},"13":{"start":{"line":41,"column":31},"end":{"line":48,"column":1}},"14":{"start":{"line":46,"column":16},"end":{"line":46,"column":80}},"15":{"start":{"line":47,"column":2},"end":{"line":47,"column":14}},"16":{"start":{"line":41,"column":13},"end":{"line":41,"column":31}}},"fnMap":{"0":{"name":"(anonymous_0)","decl":{"start":{"line":7,"column":2},"end":{"line":7,"column":14}},"loc":{"start":{"line":7,"column":67},"end":{"line":13,"column":3}}},"1":{"name":"(anonymous_1)","decl":{"start":{"line":16,"column":28},"end":{"line":16,"column":null}},"loc":{"start":{"line":21,"column":10},"end":{"line":39,"column":1}}},"2":{"name":"(anonymous_2)","decl":{"start":{"line":41,"column":31},"end":{"line":41,"column":null}},"loc":{"start":{"line":45,"column":10},"end":{"line":48,"column":1}}}},"branchMap":{"0":{"loc":{"start":{"line":22,"column":21},"end":{"line":22,"column":42}},"type":"binary-expr","locations":[{"start":{"line":22,"column":21},"end":{"line":22,"column":35}},{"start":{"line":22,"column":39},"end":{"line":22,"column":42}}]},"1":{"loc":{"start":{"line":23,"column":17},"end":{"line":23,"column":38}},"type":"binary-expr","locations":[{"start":{"line":23,"column":17},"end":{"line":23,"column":27}},{"start":{"line":23,"column":31},"end":{"line":23,"column":38}}]},"2":{"loc":{"start":{"line":24,"column":18},"end":{"line":24,"column":56}},"type":"binary-expr","locations":[{"start":{"line":24,"column":18},"end":{"line":24,"column":29}},{"start":{"line":24,"column":33},"end":{"line":24,"column":56}}]},"3":{"loc":{"start":{"line":31,"column":11},"end":{"line":31,"column":73}},"type":"cond-expr","locations":[{"start":{"line":31,"column":52},"end":{"line":31,"column":61}},{"start":{"line":31,"column":64},"end":{"line":31,"column":73}}]},"4":{"loc":{"start":{"line":37,"column":8},"end":{"line":37,"column":70}},"type":"binary-expr","locations":[{"start":{"line":37,"column":8},"end":{"line":37,"column":46}},{"start":{"line":37,"column":50},"end":{"line":37,"column":70}}]}},"s":{"0":23,"1":23,"2":23,"3":23,"4":23,"5":2,"6":2,"7":0,"8":0,"9":0,"10":0,"11":0,"12":2,"13":2,"14":0,"15":0,"16":2},"f":{"0":23,"1":0,"2":0},"b":{"0":[0,0],"1":[0,0],"2":[0,0],"3":[0,0],"4":[0,0]}}
,"/Users/sarahchitty/Documents/interview-prep/casa/pet-adoption-api/src/middleware/validation.ts": {"path":"/Users/sarahchitty/Documents/interview-prep/casa/pet-adoption-api/src/middleware/validation.ts","statementMap":{"0":{"start":{"line":2,"column":0},"end":{"line":2,"column":42}},"1":{"start":{"line":3,"column":0},"end":{"line":3,"column":42}},"2":{"start":{"line":5,"column":24},"end":{"line":25,"column":1}},"3":{"start":{"line":6,"column":2},"end":{"line":24,"column":4}},"4":{"start":{"line":7,"column":4},"end":{"line":23,"column":5}},"5":{"start":{"line":8,"column":6},"end":{"line":8,"column":29}},"6":{"start":{"line":9,"column":6},"end":{"line":9,"column":13}},"7":{"start":{"line":11,"column":6},"end":{"line":21,"column":7}},"8":{"start":{"line":12,"column":30},"end":{"line":15,"column":10}},"9":{"start":{"line":13,"column":23},"end":{"line":13,"column":41}},"10":{"start":{"line":14,"column":10},"end":{"line":14,"column":43}},"11":{"start":{"line":17,"column":8},"end":{"line":20,"column":10}},"12":{"start":{"line":22,"column":6},"end":{"line":22,"column":18}},"13":{"start":{"line":5,"column":13},"end":{"line":5,"column":24}}},"fnMap":{"0":{"name":"(anonymous_0)","decl":{"start":{"line":5,"column":24},"end":{"line":5,"column":25}},"loc":{"start":{"line":5,"column":46},"end":{"line":25,"column":1}}},"1":{"name":"(anonymous_1)","decl":{"start":{"line":6,"column":9},"end":{"line":6,"column":10}},"loc":{"start":{"line":6,"column":67},"end":{"line":24,"column":3}}},"2":{"name":"(anonymous_2)","decl":{"start":{"line":12,"column":47},"end":{"line":12,"column":48}},"loc":{"start":{"line":12,"column":55},"end":{"line":15,"column":9}}}},"branchMap":{"0":{"loc":{"start":{"line":11,"column":6},"end":{"line":21,"column":7}},"type":"if","locations":[{"start":{"line":11,"column":6},"end":{"line":21,"column":7}},{"start":{},"end":{}}]}},"s":{"0":0,"1":0,"2":0,"3":0,"4":0,"5":0,"6":0,"7":0,"8":0,"9":0,"10":0,"11":0,"12":0,"13":0},"f":{"0":0,"1":0,"2":0},"b":{"0":[0,0]}}
,"/Users/sarahchitty/Documents/interview-prep/casa/pet-adoption-api/src/routes/applicationRoutes.ts": {"path":"/Users/sarahchitty/Documents/interview-prep/casa/pet-adoption-api/src/routes/applicationRoutes.ts","statementMap":{"0":{"start":{"line":1,"column":0},"end":{"line":1,"column":33}},"1":{"start":{"line":2,"column":0},"end":{"line":2,"column":77}},"2":{"start":{"line":3,"column":0},"end":{"line":3,"column":52}},"3":{"start":{"line":4,"column":0},"end":{"line":4,"column":null}},"4":{"start":{"line":9,"column":15},"end":{"line":9,"column":23}},"5":{"start":{"line":12,"column":0},"end":{"line":12,"column":86}},"6":{"start":{"line":15,"column":0},"end":{"line":15,"column":98}},"7":{"start":{"line":18,"column":0},"end":{"line":18,"column":89}},"8":{"start":{"line":21,"column":0},"end":{"line":25,"column":2}},"9":{"start":{"line":28,"column":0},"end":{"line":32,"column":2}},"10":{"start":{"line":35,"column":0},"end":{"line":35,"column":91}},"11":{"start":{"line":37,"column":0},"end":{"line":37,"column":22}}},"fnMap":{},"branchMap":{},"s":{"0":0,"1":0,"2":0,"3":0,"4":0,"5":0,"6":0,"7":0,"8":0,"9":0,"10":0,"11":0},"f":{},"b":{}}
,"/Users/sarahchitty/Documents/interview-prep/casa/pet-adoption-api/src/routes/petRoutes.ts": {"path":"/Users/sarahchitty/Documents/interview-prep/casa/pet-adoption-api/src/routes/petRoutes.ts","statementMap":{"0":{"start":{"line":1,"column":0},"end":{"line":1,"column":33}},"1":{"start":{"line":2,"column":0},"end":{"line":2,"column":61}},"2":{"start":{"line":4,"column":15},"end":{"line":4,"column":23}},"3":{"start":{"line":7,"column":0},"end":{"line":7,"column":62}},"4":{"start":{"line":10,"column":0},"end":{"line":10,"column":86}},"5":{"start":{"line":13,"column":0},"end":{"line":13,"column":65}},"6":{"start":{"line":16,"column":0},"end":{"line":16,"column":62}},"7":{"start":{"line":19,"column":0},"end":{"line":19,"column":66}},"8":{"start":{"line":22,"column":0},"end":{"line":22,"column":67}},"9":{"start":{"line":24,"column":0},"end":{"line":24,"column":22}}},"fnMap":{},"branchMap":{},"s":{"0":0,"1":0,"2":0,"3":0,"4":0,"5":0,"6":0,"7":0,"8":0,"9":0},"f":{},"b":{}}
,"/Users/sarahchitty/Documents/interview-prep/casa/pet-adoption-api/src/services/applicationService.ts": {"path":"/Users/sarahchitty/Documents/interview-prep/casa/pet-adoption-api/src/services/applicationService.ts","statementMap":{"0":{"start":{"line":1,"column":0},"end":{"line":1,"column":46}},"1":{"start":{"line":7,"column":0},"end":{"line":7,"column":54}},"2":{"start":{"line":8,"column":0},"end":{"line":8,"column":42}},"3":{"start":{"line":15,"column":28},"end":{"line":18,"column":48}},"4":{"start":{"line":20,"column":4},"end":{"line":22,"column":5}},"5":{"start":{"line":21,"column":6},"end":{"line":21,"column":80}},"6":{"start":{"line":24,"column":4},"end":{"line":24,"column":22}},"7":{"start":{"line":31,"column":28},"end":{"line":35,"column":15}},"8":{"start":{"line":37,"column":4},"end":{"line":43,"column":5}},"9":{"start":{"line":38,"column":6},"end":{"line":41,"column":7}},"10":{"start":{"line":40,"column":8},"end":{"line":40,"column":20}},"11":{"start":{"line":42,"column":6},"end":{"line":42,"column":79}},"12":{"start":{"line":45,"column":4},"end":{"line":45,"column":16}},"13":{"start":{"line":52,"column":28},"end":{"line":56,"column":48}},"14":{"start":{"line":58,"column":4},"end":{"line":63,"column":5}},"15":{"start":{"line":59,"column":6},"end":{"line":62,"column":8}},"16":{"start":{"line":65,"column":4},"end":{"line":65,"column":22}},"17":{"start":{"line":73,"column":16},"end":{"line":73,"column":57}},"18":{"start":{"line":74,"column":4},"end":{"line":76,"column":5}},"19":{"start":{"line":75,"column":6},"end":{"line":75,"column":47}},"20":{"start":{"line":79,"column":4},"end":{"line":84,"column":5}},"21":{"start":{"line":80,"column":6},"end":{"line":83,"column":8}},"22":{"start":{"line":86,"column":28},"end":{"line":90,"column":15}},"23":{"start":{"line":92,"column":4},"end":{"line":94,"column":5}},"24":{"start":{"line":93,"column":6},"end":{"line":93,"column":80}},"25":{"start":{"line":96,"column":4},"end":{"line":98,"column":5}},"26":{"start":{"line":97,"column":6},"end":{"line":97,"column":80}},"27":{"start":{"line":100,"column":4},"end":{"line":100,"column":16}},"28":{"start":{"line":110,"column":28},"end":{"line":115,"column":15}},"29":{"start":{"line":117,"column":4},"end":{"line":119,"column":5}},"30":{"start":{"line":118,"column":6},"end":{"line":118,"column":80}},"31":{"start":{"line":121,"column":4},"end":{"line":123,"column":5}},"32":{"start":{"line":122,"column":6},"end":{"line":122,"column":55}},"33":{"start":{"line":125,"column":4},"end":{"line":125,"column":16}},"34":{"start":{"line":132,"column":22},"end":{"line":135,"column":19}},"35":{"start":{"line":137,"column":4},"end":{"line":139,"column":5}},"36":{"start":{"line":138,"column":6},"end":{"line":138,"column":80}},"37":{"start":{"line":154,"column":24},"end":{"line":154,"column":57}},"38":{"start":{"line":155,"column":4},"end":{"line":157,"column":5}},"39":{"start":{"line":156,"column":6},"end":{"line":156,"column":55}},"40":{"start":{"line":159,"column":4},"end":{"line":161,"column":5}},"41":{"start":{"line":160,"column":6},"end":{"line":160,"column":65}},"42":{"start":{"line":163,"column":4},"end":{"line":168,"column":5}},"43":{"start":{"line":164,"column":6},"end":{"line":167,"column":8}},"44":{"start":{"line":171,"column":61},"end":{"line":176,"column":15}},"45":{"start":{"line":178,"column":4},"end":{"line":183,"column":5}},"46":{"start":{"line":179,"column":6},"end":{"line":182,"column":8}},"47":{"start":{"line":185,"column":4},"end":{"line":187,"column":5}},"48":{"start":{"line":186,"column":6},"end":{"line":186,"column":81}},"49":{"start":{"line":190,"column":4},"end":{"line":202,"column":5}},"50":{"start":{"line":191,"column":6},"end":{"line":191,"column":76}},"51":{"start":{"line":194,"column":6},"end":{"line":197,"column":22}},"52":{"start":{"line":198,"column":6},"end":{"line":201,"column":8}},"53":{"start":{"line":205,"column":4},"end":{"line":212,"column":5}},"54":{"start":{"line":206,"column":6},"end":{"line":211,"column":23}},"55":{"start":{"line":214,"column":4},"end":{"line":214,"column":30}},"56":{"start":{"line":223,"column":28},"end":{"line":227,"column":48}},"57":{"start":{"line":229,"column":4},"end":{"line":234,"column":5}},"58":{"start":{"line":230,"column":6},"end":{"line":233,"column":8}},"59":{"start":{"line":236,"column":4},"end":{"line":236,"column":22}},"60":{"start":{"line":10,"column":0},"end":{"line":10,"column":13}},"61":{"start":{"line":240,"column":13},"end":{"line":240,"column":59}}},"fnMap":{"0":{"name":"(anonymous_0)","decl":{"start":{"line":14,"column":2},"end":{"line":14,"column":7}},"loc":{"start":{"line":14,"column":26},"end":{"line":25,"column":3}}},"1":{"name":"(anonymous_1)","decl":{"start":{"line":30,"column":2},"end":{"line":30,"column":7}},"loc":{"start":{"line":30,"column":37},"end":{"line":46,"column":3}}},"2":{"name":"(anonymous_2)","decl":{"start":{"line":51,"column":2},"end":{"line":51,"column":7}},"loc":{"start":{"line":51,"column":44},"end":{"line":66,"column":3}}},"3":{"name":"(anonymous_3)","decl":{"start":{"line":71,"column":2},"end":{"line":71,"column":7}},"loc":{"start":{"line":71,"column":55},"end":{"line":101,"column":3}}},"4":{"name":"(anonymous_4)","decl":{"start":{"line":106,"column":2},"end":{"line":106,"column":7}},"loc":{"start":{"line":108,"column":33},"end":{"line":126,"column":3}}},"5":{"name":"(anonymous_5)","decl":{"start":{"line":131,"column":2},"end":{"line":131,"column":7}},"loc":{"start":{"line":131,"column":36},"end":{"line":140,"column":3}}},"6":{"name":"(anonymous_6)","decl":{"start":{"line":149,"column":2},"end":{"line":149,"column":7}},"loc":{"start":{"line":151,"column":43},"end":{"line":215,"column":3}}},"7":{"name":"(anonymous_7)","decl":{"start":{"line":220,"column":2},"end":{"line":220,"column":7}},"loc":{"start":{"line":221,"column":29},"end":{"line":237,"column":3}}}},"branchMap":{"0":{"loc":{"start":{"line":20,"column":4},"end":{"line":22,"column":5}},"type":"if","locations":[{"start":{"line":20,"column":4},"end":{"line":22,"column":5}},{"start":{},"end":{}}]},"1":{"loc":{"start":{"line":24,"column":11},"end":{"line":24,"column":21}},"type":"binary-expr","locations":[{"start":{"line":24,"column":11},"end":{"line":24,"column":15}},{"start":{"line":24,"column":19},"end":{"line":24,"column":21}}]},"2":{"loc":{"start":{"line":37,"column":4},"end":{"line":43,"column":5}},"type":"if","locations":[{"start":{"line":37,"column":4},"end":{"line":43,"column":5}},{"start":{},"end":{}}]},"3":{"loc":{"start":{"line":38,"column":6},"end":{"line":41,"column":7}},"type":"if","locations":[{"start":{"line":38,"column":6},"end":{"line":41,"column":7}},{"start":{},"end":{}}]},"4":{"loc":{"start":{"line":58,"column":4},"end":{"line":63,"column":5}},"type":"if","locations":[{"start":{"line":58,"column":4},"end":{"line":63,"column":5}},{"start":{},"end":{}}]},"5":{"loc":{"start":{"line":65,"column":11},"end":{"line":65,"column":21}},"type":"binary-expr","locations":[{"start":{"line":65,"column":11},"end":{"line":65,"column":15}},{"start":{"line":65,"column":19},"end":{"line":65,"column":21}}]},"6":{"loc":{"start":{"line":74,"column":4},"end":{"line":76,"column":5}},"type":"if","locations":[{"start":{"line":74,"column":4},"end":{"line":76,"column":5}},{"start":{},"end":{}}]},"7":{"loc":{"start":{"line":79,"column":4},"end":{"line":84,"column":5}},"type":"if","locations":[{"start":{"line":79,"column":4},"end":{"line":84,"column":5}},{"start":{},"end":{}}]},"8":{"loc":{"start":{"line":92,"column":4},"end":{"line":94,"column":5}},"type":"if","locations":[{"start":{"line":92,"column":4},"end":{"line":94,"column":5}},{"start":{},"end":{}}]},"9":{"loc":{"start":{"line":96,"column":4},"end":{"line":98,"column":5}},"type":"if","locations":[{"start":{"line":96,"column":4},"end":{"line":98,"column":5}},{"start":{},"end":{}}]},"10":{"loc":{"start":{"line":117,"column":4},"end":{"line":119,"column":5}},"type":"if","locations":[{"start":{"line":117,"column":4},"end":{"line":119,"column":5}},{"start":{},"end":{}}]},"11":{"loc":{"start":{"line":121,"column":4},"end":{"line":123,"column":5}},"type":"if","locations":[{"start":{"line":121,"column":4},"end":{"line":123,"column":5}},{"start":{},"end":{}}]},"12":{"loc":{"start":{"line":137,"column":4},"end":{"line":139,"column":5}},"type":"if","locations":[{"start":{"line":137,"column":4},"end":{"line":139,"column":5}},{"start":{},"end":{}}]},"13":{"loc":{"start":{"line":151,"column":4},"end":{"line":151,"column":43}},"type":"default-arg","locations":[{"start":{"line":151,"column":39},"end":{"line":151,"column":43}}]},"14":{"loc":{"start":{"line":155,"column":4},"end":{"line":157,"column":5}},"type":"if","locations":[{"start":{"line":155,"column":4},"end":{"line":157,"column":5}},{"start":{},"end":{}}]},"15":{"loc":{"start":{"line":159,"column":4},"end":{"line":161,"column":5}},"type":"if","locations":[{"start":{"line":159,"column":4},"end":{"line":161,"column":5}},{"start":{},"end":{}}]},"16":{"loc":{"start":{"line":163,"column":4},"end":{"line":168,"column":5}},"type":"if","locations":[{"start":{"line":163,"column":4},"end":{"line":168,"column":5}},{"start":{},"end":{}}]},"17":{"loc":{"start":{"line":178,"column":4},"end":{"line":183,"column":5}},"type":"if","locations":[{"start":{"line":178,"column":4},"end":{"line":183,"column":5}},{"start":{},"end":{}}]},"18":{"loc":{"start":{"line":185,"column":4},"end":{"line":187,"column":5}},"type":"if","locations":[{"start":{"line":185,"column":4},"end":{"line":187,"column":5}},{"start":{},"end":{}}]},"19":{"loc":{"start":{"line":199,"column":40},"end":{"line":199,"column":96}},"type":"cond-expr","locations":[{"start":{"line":199,"column":65},"end":{"line":199,"column":78}},{"start":{"line":199,"column":81},"end":{"line":199,"column":96}}]},"20":{"loc":{"start":{"line":205,"column":4},"end":{"line":212,"column":5}},"type":"if","locations":[{"start":{"line":205,"column":4},"end":{"line":212,"column":5}},{"start":{},"end":{}}]},"21":{"loc":{"start":{"line":229,"column":4},"end":{"line":234,"column":5}},"type":"if","locations":[{"start":{"line":229,"column":4},"end":{"line":234,"column":5}},{"start":{},"end":{}}]},"22":{"loc":{"start":{"line":236,"column":11},"end":{"line":236,"column":21}},"type":"binary-expr","locations":[{"start":{"line":236,"column":11},"end":{"line":236,"column":15}},{"start":{"line":236,"column":19},"end":{"line":236,"column":21}}]}},"s":{"0":1,"1":1,"2":1,"3":4,"4":4,"5":2,"6":2,"7":12,"8":12,"9":4,"10":3,"11":1,"12":8,"13":2,"14":2,"15":1,"16":1,"17":8,"18":8,"19":2,"20":6,"21":2,"22":4,"23":4,"24":1,"25":3,"26":2,"27":1,"28":4,"29":4,"30":1,"31":3,"32":2,"33":1,"34":2,"35":2,"36":1,"37":9,"38":9,"39":2,"40":7,"41":2,"42":5,"43":2,"44":3,"45":3,"46":0,"47":3,"48":0,"49":3,"50":3,"51":1,"52":1,"53":2,"54":1,"55":2,"56":2,"57":2,"58":1,"59":1,"60":1,"61":1},"f":{"0":4,"1":12,"2":2,"3":8,"4":4,"5":2,"6":9,"7":2},"b":{"0":[2,2],"1":[2,1],"2":[4,8],"3":[3,1],"4":[1,1],"5":[1,0],"6":[2,6],"7":[2,4],"8":[1,3],"9":[2,1],"10":[1,3],"11":[2,1],"12":[1,1],"13":[7],"14":[2,7],"15":[2,5],"16":[2,3],"17":[0,3],"18":[0,3],"19":[1,0],"20":[1,1],"21":[1,1],"22":[1,0]}}
,"/Users/sarahchitty/Documents/interview-prep/casa/pet-adoption-api/src/services/petService.ts": {"path":"/Users/sarahchitty/Documents/interview-prep/casa/pet-adoption-api/src/services/petService.ts","statementMap":{"0":{"start":{"line":1,"column":0},"end":{"line":1,"column":46}},"1":{"start":{"line":3,"column":0},"end":{"line":3,"column":54}},"2":{"start":{"line":10,"column":28},"end":{"line":13,"column":48}},"3":{"start":{"line":15,"column":4},"end":{"line":17,"column":5}},"4":{"start":{"line":16,"column":6},"end":{"line":16,"column":72}},"5":{"start":{"line":19,"column":4},"end":{"line":19,"column":22}},"6":{"start":{"line":26,"column":28},"end":{"line":30,"column":48}},"7":{"start":{"line":32,"column":4},"end":{"line":34,"column":5}},"8":{"start":{"line":33,"column":6},"end":{"line":33,"column":82}},"9":{"start":{"line":36,"column":4},"end":{"line":36,"column":22}},"10":{"start":{"line":43,"column":28},"end":{"line":47,"column":15}},"11":{"start":{"line":49,"column":4},"end":{"line":55,"column":5}},"12":{"start":{"line":50,"column":6},"end":{"line":53,"column":7}},"13":{"start":{"line":52,"column":8},"end":{"line":52,"column":20}},"14":{"start":{"line":54,"column":6},"end":{"line":54,"column":71}},"15":{"start":{"line":57,"column":4},"end":{"line":57,"column":16}},"16":{"start":{"line":64,"column":28},"end":{"line":68,"column":15}},"17":{"start":{"line":70,"column":4},"end":{"line":72,"column":5}},"18":{"start":{"line":71,"column":6},"end":{"line":71,"column":72}},"19":{"start":{"line":74,"column":4},"end":{"line":76,"column":5}},"20":{"start":{"line":75,"column":6},"end":{"line":75,"column":72}},"21":{"start":{"line":78,"column":4},"end":{"line":78,"column":16}},"22":{"start":{"line":85,"column":28},"end":{"line":90,"column":15}},"23":{"start":{"line":92,"column":4},"end":{"line":94,"column":5}},"24":{"start":{"line":93,"column":6},"end":{"line":93,"column":72}},"25":{"start":{"line":96,"column":4},"end":{"line":98,"column":5}},"26":{"start":{"line":97,"column":6},"end":{"line":97,"column":47}},"27":{"start":{"line":100,"column":4},"end":{"line":100,"column":16}},"28":{"start":{"line":107,"column":22},"end":{"line":110,"column":19}},"29":{"start":{"line":112,"column":4},"end":{"line":114,"column":5}},"30":{"start":{"line":113,"column":6},"end":{"line":113,"column":72}},"31":{"start":{"line":121,"column":28},"end":{"line":125,"column":48}},"32":{"start":{"line":127,"column":4},"end":{"line":129,"column":5}},"33":{"start":{"line":128,"column":6},"end":{"line":128,"column":82}},"34":{"start":{"line":131,"column":4},"end":{"line":131,"column":22}},"35":{"start":{"line":138,"column":28},"end":{"line":142,"column":48}},"36":{"start":{"line":144,"column":4},"end":{"line":146,"column":5}},"37":{"start":{"line":145,"column":6},"end":{"line":145,"column":80}},"38":{"start":{"line":148,"column":4},"end":{"line":148,"column":22}},"39":{"start":{"line":5,"column":0},"end":{"line":5,"column":13}},"40":{"start":{"line":152,"column":13},"end":{"line":152,"column":43}}},"fnMap":{"0":{"name":"(anonymous_0)","decl":{"start":{"line":9,"column":2},"end":{"line":9,"column":7}},"loc":{"start":{"line":9,"column":18},"end":{"line":20,"column":3}}},"1":{"name":"(anonymous_1)","decl":{"start":{"line":25,"column":2},"end":{"line":25,"column":7}},"loc":{"start":{"line":25,"column":24},"end":{"line":37,"column":3}}},"2":{"name":"(anonymous_2)","decl":{"start":{"line":42,"column":2},"end":{"line":42,"column":7}},"loc":{"start":{"line":42,"column":29},"end":{"line":58,"column":3}}},"3":{"name":"(anonymous_3)","decl":{"start":{"line":63,"column":2},"end":{"line":63,"column":7}},"loc":{"start":{"line":63,"column":39},"end":{"line":79,"column":3}}},"4":{"name":"(anonymous_4)","decl":{"start":{"line":84,"column":2},"end":{"line":84,"column":7}},"loc":{"start":{"line":84,"column":51},"end":{"line":101,"column":3}}},"5":{"name":"(anonymous_5)","decl":{"start":{"line":106,"column":2},"end":{"line":106,"column":7}},"loc":{"start":{"line":106,"column":28},"end":{"line":115,"column":3}}},"6":{"name":"(anonymous_6)","decl":{"start":{"line":120,"column":2},"end":{"line":120,"column":7}},"loc":{"start":{"line":120,"column":41},"end":{"line":132,"column":3}}},"7":{"name":"(anonymous_7)","decl":{"start":{"line":137,"column":2},"end":{"line":137,"column":7}},"loc":{"start":{"line":137,"column":34},"end":{"line":149,"column":3}}}},"branchMap":{"0":{"loc":{"start":{"line":15,"column":4},"end":{"line":17,"column":5}},"type":"if","locations":[{"start":{"line":15,"column":4},"end":{"line":17,"column":5}},{"start":{},"end":{}}]},"1":{"loc":{"start":{"line":19,"column":11},"end":{"line":19,"column":21}},"type":"binary-expr","locations":[{"start":{"line":19,"column":11},"end":{"line":19,"column":15}},{"start":{"line":19,"column":19},"end":{"line":19,"column":21}}]},"2":{"loc":{"start":{"line":32,"column":4},"end":{"line":34,"column":5}},"type":"if","locations":[{"start":{"line":32,"column":4},"end":{"line":34,"column":5}},{"start":{},"end":{}}]},"3":{"loc":{"start":{"line":36,"column":11},"end":{"line":36,"column":21}},"type":"binary-expr","locations":[{"start":{"line":36,"column":11},"end":{"line":36,"column":15}},{"start":{"line":36,"column":19},"end":{"line":36,"column":21}}]},"4":{"loc":{"start":{"line":49,"column":4},"end":{"line":55,"column":5}},"type":"if","locations":[{"start":{"line":49,"column":4},"end":{"line":55,"column":5}},{"start":{},"end":{}}]},"5":{"loc":{"start":{"line":50,"column":6},"end":{"line":53,"column":7}},"type":"if","locations":[{"start":{"line":50,"column":6},"end":{"line":53,"column":7}},{"start":{},"end":{}}]},"6":{"loc":{"start":{"line":70,"column":4},"end":{"line":72,"column":5}},"type":"if","locations":[{"start":{"line":70,"column":4},"end":{"line":72,"column":5}},{"start":{},"end":{}}]},"7":{"loc":{"start":{"line":74,"column":4},"end":{"line":76,"column":5}},"type":"if","locations":[{"start":{"line":74,"column":4},"end":{"line":76,"column":5}},{"start":{},"end":{}}]},"8":{"loc":{"start":{"line":92,"column":4},"end":{"line":94,"column":5}},"type":"if","locations":[{"start":{"line":92,"column":4},"end":{"line":94,"column":5}},{"start":{},"end":{}}]},"9":{"loc":{"start":{"line":96,"column":4},"end":{"line":98,"column":5}},"type":"if","locations":[{"start":{"line":96,"column":4},"end":{"line":98,"column":5}},{"start":{},"end":{}}]},"10":{"loc":{"start":{"line":112,"column":4},"end":{"line":114,"column":5}},"type":"if","locations":[{"start":{"line":112,"column":4},"end":{"line":114,"column":5}},{"start":{},"end":{}}]},"11":{"loc":{"start":{"line":127,"column":4},"end":{"line":129,"column":5}},"type":"if","locations":[{"start":{"line":127,"column":4},"end":{"line":129,"column":5}},{"start":{},"end":{}}]},"12":{"loc":{"start":{"line":131,"column":11},"end":{"line":131,"column":21}},"type":"binary-expr","locations":[{"start":{"line":131,"column":11},"end":{"line":131,"column":15}},{"start":{"line":131,"column":19},"end":{"line":131,"column":21}}]},"13":{"loc":{"start":{"line":144,"column":4},"end":{"line":146,"column":5}},"type":"if","locations":[{"start":{"line":144,"column":4},"end":{"line":146,"column":5}},{"start":{},"end":{}}]},"14":{"loc":{"start":{"line":148,"column":11},"end":{"line":148,"column":21}},"type":"binary-expr","locations":[{"start":{"line":148,"column":11},"end":{"line":148,"column":15}},{"start":{"line":148,"column":19},"end":{"line":148,"column":21}}]}},"s":{"0":1,"1":1,"2":0,"3":0,"4":0,"5":0,"6":0,"7":0,"8":0,"9":0,"10":0,"11":0,"12":0,"13":0,"14":0,"15":0,"16":0,"17":0,"18":0,"19":0,"20":0,"21":0,"22":0,"23":0,"24":0,"25":0,"26":0,"27":0,"28":0,"29":0,"30":0,"31":0,"32":0,"33":0,"34":0,"35":0,"36":0,"37":0,"38":0,"39":1,"40":1},"f":{"0":0,"1":0,"2":0,"3":0,"4":0,"5":0,"6":0,"7":0},"b":{"0":[0,0],"1":[0,0],"2":[0,0],"3":[0,0],"4":[0,0],"5":[0,0],"6":[0,0],"7":[0,0],"8":[0,0],"9":[0,0],"10":[0,0],"11":[0,0],"12":[0,0],"13":[0,0],"14":[0,0]}}
,"/Users/sarahchitty/Documents/interview-prep/casa/pet-adoption-api/src/validators/applicationValidator.ts": {"path":"/Users/sarahchitty/Documents/interview-prep/casa/pet-adoption-api/src/validators/applicationValidator.ts","statementMap":{"0":{"start":{"line":1,"column":0},"end":{"line":1,"column":24}},"1":{"start":{"line":3,"column":32},"end":{"line":3,"column":88}},"2":{"start":{"line":5,"column":13},"end":{"line":22,"column":3}},"3":{"start":{"line":24,"column":13},"end":{"line":42,"column":3}}},"fnMap":{},"branchMap":{},"s":{"0":0,"1":0,"2":0,"3":0},"f":{},"b":{}}
}
