TN:
SF:src/config/supabase.ts
FNF:0
FNH:0
DA:1,1
DA:3,1
DA:4,0
DA:7,1
DA:8,0
DA:11,1
LF:6
LH:4
BRDA:3,0,0,0
BRDA:3,0,1,1
BRDA:7,1,0,0
BRDA:7,1,1,1
BRF:4
BRH:2
end_of_record
TN:
SF:src/controllers/applicationController.ts
FN:15,(anonymous_0)
FN:47,(anonymous_1)
FN:77,(anonymous_2)
FN:103,(anonymous_3)
FN:125,(anonymous_4)
FN:148,(anonymous_5)
FN:167,(anonymous_6)
FNF:7
FNH:0
FNDA:0,(anonymous_0)
FNDA:0,(anonymous_1)
FNDA:0,(anonymous_2)
FNDA:0,(anonymous_3)
FNDA:0,(anonymous_4)
FNDA:0,(anonymous_5)
FNDA:0,(anonymous_6)
DA:2,0
DA:8,0
DA:10,0
DA:20,0
DA:21,0
DA:25,0
DA:26,0
DA:27,0
DA:33,0
DA:34,0
DA:42,0
DA:43,0
DA:46,0
DA:47,0
DA:49,0
DA:51,0
DA:54,0
DA:56,0
DA:61,0
DA:64,0
DA:69,0
DA:82,0
DA:83,0
DA:84,0
DA:86,0
DA:87,0
DA:90,0
DA:95,0
DA:108,0
DA:109,0
DA:110,0
DA:112,0
DA:117,0
DA:130,0
DA:131,0
DA:132,0
DA:133,0
DA:135,0
DA:140,0
DA:153,0
DA:154,0
DA:155,0
DA:157,0
DA:159,0
DA:172,0
DA:173,0
DA:174,0
DA:178,0
DA:182,0
DA:187,0
DA:193,0
DA:198,0
LF:52
LH:0
BRDA:25,0,0,0
BRDA:25,0,1,0
BRDA:33,1,0,0
BRDA:33,1,1,0
BRDA:42,2,0,0
BRDA:42,2,1,0
BRDA:42,3,0,0
BRDA:42,3,1,0
BRDA:49,4,0,0
BRDA:49,4,1,0
BRDA:54,5,0,0
BRDA:54,5,1,0
BRDA:86,6,0,0
BRDA:86,6,1,0
BRDA:178,7,0,0
BRDA:178,7,1,0
BRF:16
BRH:0
end_of_record
TN:
SF:src/controllers/petController.ts
FN:12,(anonymous_0)
FN:32,(anonymous_1)
FN:57,(anonymous_2)
FN:79,(anonymous_3)
FN:97,(anonymous_4)
FN:116,(anonymous_5)
FN:131,(anonymous_6)
FNF:7
FNH:0
FNDA:0,(anonymous_0)
FNDA:0,(anonymous_1)
FNDA:0,(anonymous_2)
FNDA:0,(anonymous_3)
FNDA:0,(anonymous_4)
FNDA:0,(anonymous_5)
FNDA:0,(anonymous_6)
DA:2,0
DA:3,0
DA:5,0
DA:7,0
DA:13,0
DA:14,0
DA:18,0
DA:19,0
DA:20,0
DA:21,0
DA:22,0
DA:30,0
DA:31,0
DA:32,0
DA:33,0
DA:35,0
DA:36,0
DA:38,0
DA:41,0
DA:44,0
DA:49,0
DA:58,0
DA:59,0
DA:60,0
DA:62,0
DA:63,0
DA:66,0
DA:71,0
DA:80,0
DA:81,0
DA:82,0
DA:84,0
DA:89,0
DA:98,0
DA:99,0
DA:100,0
DA:101,0
DA:103,0
DA:108,0
DA:117,0
DA:118,0
DA:119,0
DA:121,0
DA:123,0
DA:136,0
DA:137,0
DA:140,0
DA:141,0
DA:142,0
DA:146,0
DA:148,0
DA:153,0
DA:158,0
LF:53
LH:0
BRDA:18,0,0,0
BRDA:18,0,1,0
BRDA:21,1,0,0
BRDA:21,1,1,0
BRDA:30,2,0,0
BRDA:30,2,1,0
BRDA:30,3,0,0
BRDA:30,3,1,0
BRDA:33,4,0,0
BRDA:33,4,1,0
BRDA:36,5,0,0
BRDA:36,5,1,0
BRDA:62,6,0,0
BRDA:62,6,1,0
BRDA:141,7,0,0
BRDA:141,7,1,0
BRF:16
BRH:0
end_of_record
TN:
SF:src/middleware/errorHandler.ts
FN:7,(anonymous_0)
FN:16,(anonymous_1)
FN:41,(anonymous_2)
FNF:3
FNH:1
FNDA:23,(anonymous_0)
FNDA:0,(anonymous_1)
FNDA:0,(anonymous_2)
DA:3,2
DA:8,23
DA:9,23
DA:10,23
DA:11,23
DA:12,23
DA:16,2
DA:22,0
DA:23,0
DA:24,0
DA:27,0
DA:34,0
DA:41,2
DA:46,0
DA:47,0
LF:15
LH:8
BRDA:22,0,0,0
BRDA:22,0,1,0
BRDA:23,1,0,0
BRDA:23,1,1,0
BRDA:24,2,0,0
BRDA:24,2,1,0
BRDA:31,3,0,0
BRDA:31,3,1,0
BRDA:37,4,0,0
BRDA:37,4,1,0
BRF:10
BRH:0
end_of_record
TN:
SF:src/middleware/validation.ts
FN:5,(anonymous_0)
FN:6,(anonymous_1)
FN:12,(anonymous_2)
FNF:3
FNH:0
FNDA:0,(anonymous_0)
FNDA:0,(anonymous_1)
FNDA:0,(anonymous_2)
DA:2,0
DA:3,0
DA:5,0
DA:6,0
DA:7,0
DA:8,0
DA:9,0
DA:11,0
DA:12,0
DA:13,0
DA:14,0
DA:17,0
DA:22,0
LF:13
LH:0
BRDA:11,0,0,0
BRDA:11,0,1,0
BRF:2
BRH:0
end_of_record
TN:
SF:src/routes/applicationRoutes.ts
FNF:0
FNH:0
DA:1,0
DA:2,0
DA:3,0
DA:4,0
DA:9,0
DA:12,0
DA:15,0
DA:18,0
DA:21,0
DA:28,0
DA:35,0
DA:37,0
LF:12
LH:0
BRF:0
BRH:0
end_of_record
TN:
SF:src/routes/petRoutes.ts
FNF:0
FNH:0
DA:1,0
DA:2,0
DA:4,0
DA:7,0
DA:10,0
DA:13,0
DA:16,0
DA:19,0
DA:22,0
DA:24,0
LF:10
LH:0
BRF:0
BRH:0
end_of_record
TN:
SF:src/services/applicationService.ts
FN:14,(anonymous_0)
FN:30,(anonymous_1)
FN:51,(anonymous_2)
FN:71,(anonymous_3)
FN:106,(anonymous_4)
FN:131,(anonymous_5)
FN:149,(anonymous_6)
FN:220,(anonymous_7)
FNF:8
FNH:8
FNDA:4,(anonymous_0)
FNDA:12,(anonymous_1)
FNDA:2,(anonymous_2)
FNDA:8,(anonymous_3)
FNDA:4,(anonymous_4)
FNDA:2,(anonymous_5)
FNDA:9,(anonymous_6)
FNDA:2,(anonymous_7)
DA:1,1
DA:7,1
DA:8,1
DA:10,1
DA:15,4
DA:20,4
DA:21,2
DA:24,2
DA:31,12
DA:37,12
DA:38,4
DA:40,3
DA:42,1
DA:45,8
DA:52,2
DA:58,2
DA:59,1
DA:65,1
DA:73,8
DA:74,8
DA:75,2
DA:79,6
DA:80,2
DA:86,4
DA:92,4
DA:93,1
DA:96,3
DA:97,2
DA:100,1
DA:110,4
DA:117,4
DA:118,1
DA:121,3
DA:122,2
DA:125,1
DA:132,2
DA:137,2
DA:138,1
DA:154,9
DA:155,9
DA:156,2
DA:159,7
DA:160,2
DA:163,5
DA:164,2
DA:171,3
DA:178,3
DA:179,0
DA:185,3
DA:186,0
DA:190,3
DA:191,3
DA:194,1
DA:198,1
DA:205,2
DA:206,1
DA:214,2
DA:223,2
DA:229,2
DA:230,1
DA:236,1
DA:240,1
LF:62
LH:60
BRDA:20,0,0,2
BRDA:20,0,1,2
BRDA:24,1,0,2
BRDA:24,1,1,1
BRDA:37,2,0,4
BRDA:37,2,1,8
BRDA:38,3,0,3
BRDA:38,3,1,1
BRDA:58,4,0,1
BRDA:58,4,1,1
BRDA:65,5,0,1
BRDA:65,5,1,0
BRDA:74,6,0,2
BRDA:74,6,1,6
BRDA:79,7,0,2
BRDA:79,7,1,4
BRDA:92,8,0,1
BRDA:92,8,1,3
BRDA:96,9,0,2
BRDA:96,9,1,1
BRDA:117,10,0,1
BRDA:117,10,1,3
BRDA:121,11,0,2
BRDA:121,11,1,1
BRDA:137,12,0,1
BRDA:137,12,1,1
BRDA:151,13,0,7
BRDA:155,14,0,2
BRDA:155,14,1,7
BRDA:159,15,0,2
BRDA:159,15,1,5
BRDA:163,16,0,2
BRDA:163,16,1,3
BRDA:178,17,0,0
BRDA:178,17,1,3
BRDA:185,18,0,0
BRDA:185,18,1,3
BRDA:199,19,0,1
BRDA:199,19,1,0
BRDA:205,20,0,1
BRDA:205,20,1,1
BRDA:229,21,0,1
BRDA:229,21,1,1
BRDA:236,22,0,1
BRDA:236,22,1,0
BRF:45
BRH:40
end_of_record
TN:
SF:src/services/petService.ts
FN:9,(anonymous_0)
FN:25,(anonymous_1)
FN:42,(anonymous_2)
FN:63,(anonymous_3)
FN:84,(anonymous_4)
FN:106,(anonymous_5)
FN:120,(anonymous_6)
FN:137,(anonymous_7)
FNF:8
FNH:0
FNDA:0,(anonymous_0)
FNDA:0,(anonymous_1)
FNDA:0,(anonymous_2)
FNDA:0,(anonymous_3)
FNDA:0,(anonymous_4)
FNDA:0,(anonymous_5)
FNDA:0,(anonymous_6)
FNDA:0,(anonymous_7)
DA:1,1
DA:3,1
DA:5,1
DA:10,0
DA:15,0
DA:16,0
DA:19,0
DA:26,0
DA:32,0
DA:33,0
DA:36,0
DA:43,0
DA:49,0
DA:50,0
DA:52,0
DA:54,0
DA:57,0
DA:64,0
DA:70,0
DA:71,0
DA:74,0
DA:75,0
DA:78,0
DA:85,0
DA:92,0
DA:93,0
DA:96,0
DA:97,0
DA:100,0
DA:107,0
DA:112,0
DA:113,0
DA:121,0
DA:127,0
DA:128,0
DA:131,0
DA:138,0
DA:144,0
DA:145,0
DA:148,0
DA:152,1
LF:41
LH:4
BRDA:15,0,0,0
BRDA:15,0,1,0
BRDA:19,1,0,0
BRDA:19,1,1,0
BRDA:32,2,0,0
BRDA:32,2,1,0
BRDA:36,3,0,0
BRDA:36,3,1,0
BRDA:49,4,0,0
BRDA:49,4,1,0
BRDA:50,5,0,0
BRDA:50,5,1,0
BRDA:70,6,0,0
BRDA:70,6,1,0
BRDA:74,7,0,0
BRDA:74,7,1,0
BRDA:92,8,0,0
BRDA:92,8,1,0
BRDA:96,9,0,0
BRDA:96,9,1,0
BRDA:112,10,0,0
BRDA:112,10,1,0
BRDA:127,11,0,0
BRDA:127,11,1,0
BRDA:131,12,0,0
BRDA:131,12,1,0
BRDA:144,13,0,0
BRDA:144,13,1,0
BRDA:148,14,0,0
BRDA:148,14,1,0
BRF:30
BRH:0
end_of_record
TN:
SF:src/validators/applicationValidator.ts
FNF:0
FNH:0
DA:1,0
DA:3,0
DA:5,0
DA:24,0
LF:4
LH:0
BRF:0
BRH:0
end_of_record
